{"E:\\projects\\nodejs\\epam-node-course\\task-3\\app.ts": {"path":"E:\\projects\\nodejs\\epam-node-course\\task-3\\app.ts","statementMap":{"0":{"start":{"line":1,"column":0},"end":{"line":1,"column":30}},"1":{"start":{"line":3,"column":0},"end":{"line":3,"column":40}},"2":{"start":{"line":4,"column":0},"end":{"line":4,"column":42}},"3":{"start":{"line":5,"column":0},"end":{"line":5,"column":50}},"4":{"start":{"line":7,"column":0},"end":{"line":7,"column":48}},"5":{"start":{"line":8,"column":0},"end":{"line":8,"column":56}},"6":{"start":{"line":10,"column":15},"end":{"line":10,"column":40}},"7":{"start":{"line":12,"column":12},"end":{"line":12,"column":21}},"8":{"start":{"line":14,"column":0},"end":{"line":14,"column":65}},"9":{"start":{"line":15,"column":0},"end":{"line":15,"column":24}},"10":{"start":{"line":16,"column":0},"end":{"line":20,"column":2}},"11":{"start":{"line":23,"column":0},"end":{"line":23,"column":29}},"12":{"start":{"line":24,"column":0},"end":{"line":24,"column":60}},"13":{"start":{"line":25,"column":0},"end":{"line":25,"column":62}},"14":{"start":{"line":27,"column":0},"end":{"line":27,"column":19}}},"fnMap":{},"branchMap":{},"s":{"0":1,"1":1,"2":1,"3":1,"4":1,"5":1,"6":1,"7":1,"8":1,"9":1,"10":1,"11":1,"12":1,"13":1,"14":1},"f":{},"b":{}}
,"E:\\projects\\nodejs\\epam-node-course\\task-3\\data-access\\database.ts": {"path":"E:\\projects\\nodejs\\epam-node-course\\task-3\\data-access\\database.ts","statementMap":{"0":{"start":{"line":1,"column":0},"end":{"line":1,"column":38}},"1":{"start":{"line":3,"column":18},"end":{"line":10,"column":null}},"2":{"start":{"line":22,"column":9},"end":{"line":22,"column":18}},"3":{"start":{"line":13,"column":26},"end":{"line":20,"column":1}},"4":{"start":{"line":14,"column":2},"end":{"line":19,"column":null}},"5":{"start":{"line":15,"column":4},"end":{"line":15,"column":35}},"6":{"start":{"line":16,"column":4},"end":{"line":16,"column":65}},"7":{"start":{"line":18,"column":4},"end":{"line":18,"column":63}},"8":{"start":{"line":22,"column":20},"end":{"line":22,"column":37}}},"fnMap":{"0":{"name":"(anonymous_0)","decl":{"start":{"line":13,"column":26},"end":{"line":13,"column":31}},"loc":{"start":{"line":13,"column":37},"end":{"line":20,"column":1}}}},"branchMap":{},"s":{"0":1,"1":1,"2":1,"3":1,"4":0,"5":0,"6":0,"7":0,"8":1},"f":{"0":0},"b":{}}
,"E:\\projects\\nodejs\\epam-node-course\\task-3\\models\\Group.ts": {"path":"E:\\projects\\nodejs\\epam-node-course\\task-3\\models\\Group.ts","statementMap":{"0":{"start":{"line":1,"column":22},"end":{"line":1,"column":42}},"1":{"start":{"line":3,"column":0},"end":{"line":3,"column":52}},"2":{"start":{"line":5,"column":14},"end":{"line":22,"column":null}},"3":{"start":{"line":25,"column":9},"end":{"line":25,"column":14}}},"fnMap":{},"branchMap":{},"s":{"0":1,"1":1,"2":1,"3":1},"f":{},"b":{}}
,"E:\\projects\\nodejs\\epam-node-course\\task-3\\models\\User.ts": {"path":"E:\\projects\\nodejs\\epam-node-course\\task-3\\models\\User.ts","statementMap":{"0":{"start":{"line":1,"column":22},"end":{"line":1,"column":42}},"1":{"start":{"line":3,"column":0},"end":{"line":3,"column":52}},"2":{"start":{"line":5,"column":13},"end":{"line":28,"column":null}},"3":{"start":{"line":31,"column":9},"end":{"line":31,"column":13}}},"fnMap":{},"branchMap":{},"s":{"0":1,"1":1,"2":1,"3":1},"f":{},"b":{}}
,"E:\\projects\\nodejs\\epam-node-course\\task-3\\models\\UserGroup.ts": {"path":"E:\\projects\\nodejs\\epam-node-course\\task-3\\models\\UserGroup.ts","statementMap":{"0":{"start":{"line":1,"column":22},"end":{"line":1,"column":42}},"1":{"start":{"line":3,"column":0},"end":{"line":3,"column":52}},"2":{"start":{"line":5,"column":18},"end":{"line":22,"column":null}},"3":{"start":{"line":25,"column":9},"end":{"line":25,"column":18}}},"fnMap":{},"branchMap":{},"s":{"0":1,"1":1,"2":1,"3":1},"f":{},"b":{}}
,"E:\\projects\\nodejs\\epam-node-course\\task-3\\routers\\authentication.ts": {"path":"E:\\projects\\nodejs\\epam-node-course\\task-3\\routers\\authentication.ts","statementMap":{"0":{"start":{"line":1,"column":0},"end":{"line":1,"column":30}},"1":{"start":{"line":2,"column":0},"end":{"line":2,"column":48}},"2":{"start":{"line":3,"column":0},"end":{"line":3,"column":57}},"3":{"start":{"line":5,"column":15},"end":{"line":5,"column":31}},"4":{"start":{"line":7,"column":0},"end":{"line":18,"column":3}},"5":{"start":{"line":8,"column":2},"end":{"line":17,"column":null}},"6":{"start":{"line":9,"column":35},"end":{"line":9,"column":43}},"7":{"start":{"line":10,"column":18},"end":{"line":13,"column":6}},"8":{"start":{"line":14,"column":4},"end":{"line":14,"column":20}},"9":{"start":{"line":16,"column":4},"end":{"line":16,"column":38}},"10":{"start":{"line":20,"column":0},"end":{"line":20,"column":22}}},"fnMap":{"0":{"name":"(anonymous_1)","decl":{"start":{"line":7,"column":22},"end":{"line":7,"column":27}},"loc":{"start":{"line":7,"column":41},"end":{"line":18,"column":1}}}},"branchMap":{},"s":{"0":1,"1":1,"2":1,"3":1,"4":1,"5":1,"6":1,"7":1,"8":1,"9":0,"10":1},"f":{"0":1},"b":{}}
,"E:\\projects\\nodejs\\epam-node-course\\task-3\\routers\\group.ts": {"path":"E:\\projects\\nodejs\\epam-node-course\\task-3\\routers\\group.ts","statementMap":{"0":{"start":{"line":1,"column":0},"end":{"line":1,"column":30}},"1":{"start":{"line":3,"column":0},"end":{"line":3,"column":48}},"2":{"start":{"line":5,"column":0},"end":{"line":5,"column":49}},"3":{"start":{"line":6,"column":0},"end":{"line":6,"column":null}},"4":{"start":{"line":12,"column":0},"end":{"line":12,"column":62}},"5":{"start":{"line":13,"column":0},"end":{"line":13,"column":49}},"6":{"start":{"line":15,"column":15},"end":{"line":15,"column":48}},"7":{"start":{"line":17,"column":15},"end":{"line":17,"column":31}},"8":{"start":{"line":19,"column":0},"end":{"line":26,"column":3}},"9":{"start":{"line":20,"column":2},"end":{"line":25,"column":null}},"10":{"start":{"line":21,"column":19},"end":{"line":21,"column":52}},"11":{"start":{"line":22,"column":4},"end":{"line":22,"column":21}},"12":{"start":{"line":24,"column":4},"end":{"line":24,"column":38}},"13":{"start":{"line":28,"column":0},"end":{"line":35,"column":3}},"14":{"start":{"line":29,"column":2},"end":{"line":34,"column":null}},"15":{"start":{"line":30,"column":18},"end":{"line":30,"column":61}},"16":{"start":{"line":31,"column":4},"end":{"line":31,"column":20}},"17":{"start":{"line":33,"column":4},"end":{"line":33,"column":38}},"18":{"start":{"line":37,"column":0},"end":{"line":50,"column":2}},"19":{"start":{"line":42,"column":38},"end":{"line":42,"column":46}},"20":{"start":{"line":43,"column":4},"end":{"line":48,"column":null}},"21":{"start":{"line":44,"column":6},"end":{"line":44,"column":64}},"22":{"start":{"line":45,"column":6},"end":{"line":45,"column":37}},"23":{"start":{"line":47,"column":6},"end":{"line":47,"column":46}},"24":{"start":{"line":52,"column":0},"end":{"line":66,"column":2}},"25":{"start":{"line":57,"column":34},"end":{"line":57,"column":42}},"26":{"start":{"line":58,"column":4},"end":{"line":64,"column":null}},"27":{"start":{"line":59,"column":6},"end":{"line":59,"column":64}},"28":{"start":{"line":60,"column":6},"end":{"line":60,"column":42}},"29":{"start":{"line":62,"column":6},"end":{"line":62,"column":23}},"30":{"start":{"line":63,"column":6},"end":{"line":63,"column":46}},"31":{"start":{"line":68,"column":0},"end":{"line":81,"column":2}},"32":{"start":{"line":73,"column":34},"end":{"line":73,"column":42}},"33":{"start":{"line":74,"column":4},"end":{"line":79,"column":null}},"34":{"start":{"line":75,"column":6},"end":{"line":75,"column":60}},"35":{"start":{"line":76,"column":6},"end":{"line":76,"column":42}},"36":{"start":{"line":78,"column":6},"end":{"line":78,"column":46}},"37":{"start":{"line":83,"column":0},"end":{"line":91,"column":3}},"38":{"start":{"line":84,"column":17},"end":{"line":84,"column":25}},"39":{"start":{"line":85,"column":2},"end":{"line":90,"column":null}},"40":{"start":{"line":86,"column":4},"end":{"line":86,"column":39}},"41":{"start":{"line":87,"column":4},"end":{"line":87,"column":35}},"42":{"start":{"line":89,"column":4},"end":{"line":89,"column":44}},"43":{"start":{"line":93,"column":0},"end":{"line":93,"column":22}}},"fnMap":{"0":{"name":"(anonymous_1)","decl":{"start":{"line":19,"column":39},"end":{"line":19,"column":44}},"loc":{"start":{"line":19,"column":58},"end":{"line":26,"column":1}}},"1":{"name":"(anonymous_2)","decl":{"start":{"line":28,"column":39},"end":{"line":28,"column":44}},"loc":{"start":{"line":28,"column":58},"end":{"line":35,"column":1}}},"2":{"name":"(anonymous_3)","decl":{"start":{"line":41,"column":2},"end":{"line":41,"column":7}},"loc":{"start":{"line":41,"column":58},"end":{"line":49,"column":3}}},"3":{"name":"(anonymous_4)","decl":{"start":{"line":56,"column":2},"end":{"line":56,"column":7}},"loc":{"start":{"line":56,"column":44},"end":{"line":65,"column":3}}},"4":{"name":"(anonymous_5)","decl":{"start":{"line":72,"column":2},"end":{"line":72,"column":7}},"loc":{"start":{"line":72,"column":44},"end":{"line":80,"column":3}}},"5":{"name":"(anonymous_6)","decl":{"start":{"line":83,"column":39},"end":{"line":83,"column":44}},"loc":{"start":{"line":83,"column":58},"end":{"line":91,"column":1}}}},"branchMap":{},"s":{"0":1,"1":1,"2":1,"3":1,"4":1,"5":1,"6":1,"7":1,"8":1,"9":0,"10":0,"11":0,"12":0,"13":1,"14":0,"15":0,"16":0,"17":0,"18":1,"19":0,"20":0,"21":0,"22":0,"23":0,"24":1,"25":0,"26":0,"27":0,"28":0,"29":0,"30":0,"31":1,"32":0,"33":0,"34":0,"35":0,"36":0,"37":1,"38":0,"39":0,"40":0,"41":0,"42":0,"43":1},"f":{"0":0,"1":0,"2":0,"3":0,"4":0,"5":0},"b":{}}
,"E:\\projects\\nodejs\\epam-node-course\\task-3\\routers\\user.ts": {"path":"E:\\projects\\nodejs\\epam-node-course\\task-3\\routers\\user.ts","statementMap":{"0":{"start":{"line":1,"column":0},"end":{"line":1,"column":43}},"1":{"start":{"line":3,"column":0},"end":{"line":3,"column":48}},"2":{"start":{"line":5,"column":0},"end":{"line":5,"column":47}},"3":{"start":{"line":7,"column":0},"end":{"line":7,"column":null}},"4":{"start":{"line":13,"column":0},"end":{"line":13,"column":49}},"5":{"start":{"line":15,"column":15},"end":{"line":15,"column":49}},"6":{"start":{"line":17,"column":15},"end":{"line":17,"column":31}},"7":{"start":{"line":19,"column":0},"end":{"line":31,"column":2}},"8":{"start":{"line":23,"column":29},"end":{"line":23,"column":38}},"9":{"start":{"line":24,"column":4},"end":{"line":29,"column":null}},"10":{"start":{"line":25,"column":20},"end":{"line":25,"column":73}},"11":{"start":{"line":26,"column":6},"end":{"line":26,"column":22}},"12":{"start":{"line":28,"column":6},"end":{"line":28,"column":40}},"13":{"start":{"line":33,"column":0},"end":{"line":40,"column":3}},"14":{"start":{"line":34,"column":2},"end":{"line":39,"column":null}},"15":{"start":{"line":35,"column":17},"end":{"line":35,"column":58}},"16":{"start":{"line":36,"column":4},"end":{"line":36,"column":19}},"17":{"start":{"line":38,"column":4},"end":{"line":38,"column":38}},"18":{"start":{"line":42,"column":0},"end":{"line":55,"column":2}},"19":{"start":{"line":47,"column":41},"end":{"line":47,"column":49}},"20":{"start":{"line":48,"column":4},"end":{"line":53,"column":null}},"21":{"start":{"line":49,"column":6},"end":{"line":49,"column":65}},"22":{"start":{"line":50,"column":6},"end":{"line":50,"column":37}},"23":{"start":{"line":52,"column":6},"end":{"line":52,"column":46}},"24":{"start":{"line":57,"column":0},"end":{"line":70,"column":2}},"25":{"start":{"line":62,"column":37},"end":{"line":62,"column":45}},"26":{"start":{"line":63,"column":4},"end":{"line":68,"column":null}},"27":{"start":{"line":64,"column":6},"end":{"line":64,"column":61}},"28":{"start":{"line":65,"column":6},"end":{"line":65,"column":42}},"29":{"start":{"line":67,"column":6},"end":{"line":67,"column":46}},"30":{"start":{"line":72,"column":0},"end":{"line":80,"column":3}},"31":{"start":{"line":73,"column":17},"end":{"line":73,"column":25}},"32":{"start":{"line":74,"column":2},"end":{"line":79,"column":null}},"33":{"start":{"line":75,"column":4},"end":{"line":75,"column":37}},"34":{"start":{"line":76,"column":4},"end":{"line":76,"column":35}},"35":{"start":{"line":78,"column":4},"end":{"line":78,"column":44}},"36":{"start":{"line":82,"column":0},"end":{"line":82,"column":22}}},"fnMap":{"0":{"name":"(anonymous_1)","decl":{"start":{"line":22,"column":2},"end":{"line":22,"column":7}},"loc":{"start":{"line":22,"column":44},"end":{"line":30,"column":3}}},"1":{"name":"(anonymous_2)","decl":{"start":{"line":33,"column":39},"end":{"line":33,"column":44}},"loc":{"start":{"line":33,"column":58},"end":{"line":40,"column":1}}},"2":{"name":"(anonymous_3)","decl":{"start":{"line":46,"column":2},"end":{"line":46,"column":7}},"loc":{"start":{"line":46,"column":57},"end":{"line":54,"column":3}}},"3":{"name":"(anonymous_4)","decl":{"start":{"line":61,"column":2},"end":{"line":61,"column":7}},"loc":{"start":{"line":61,"column":57},"end":{"line":69,"column":3}}},"4":{"name":"(anonymous_5)","decl":{"start":{"line":72,"column":39},"end":{"line":72,"column":44}},"loc":{"start":{"line":72,"column":58},"end":{"line":80,"column":1}}}},"branchMap":{},"s":{"0":1,"1":1,"2":1,"3":1,"4":1,"5":1,"6":1,"7":1,"8":0,"9":0,"10":0,"11":0,"12":0,"13":1,"14":0,"15":0,"16":0,"17":0,"18":1,"19":0,"20":0,"21":0,"22":0,"23":0,"24":1,"25":0,"26":0,"27":0,"28":0,"29":0,"30":1,"31":0,"32":0,"33":0,"34":0,"35":0,"36":1},"f":{"0":0,"1":0,"2":0,"3":0,"4":0},"b":{}}
,"E:\\projects\\nodejs\\epam-node-course\\task-3\\services\\authentication.ts": {"path":"E:\\projects\\nodejs\\epam-node-course\\task-3\\services\\authentication.ts","statementMap":{"0":{"start":{"line":1,"column":0},"end":{"line":1,"column":31}},"1":{"start":{"line":2,"column":0},"end":{"line":2,"column":48}},"2":{"start":{"line":3,"column":0},"end":{"line":3,"column":39}},"3":{"start":{"line":5,"column":15},"end":{"line":5,"column":51}},"4":{"start":{"line":15,"column":4},"end":{"line":28,"column":null}},"5":{"start":{"line":16,"column":6},"end":{"line":16,"column":79}},"6":{"start":{"line":17,"column":25},"end":{"line":17,"column":53}},"7":{"start":{"line":18,"column":20},"end":{"line":18,"column":58}},"8":{"start":{"line":19,"column":6},"end":{"line":21,"column":null}},"9":{"start":{"line":20,"column":8},"end":{"line":20,"column":56}},"10":{"start":{"line":22,"column":23},"end":{"line":22,"column":76}},"11":{"start":{"line":23,"column":6},"end":{"line":23,"column":26}},"12":{"start":{"line":24,"column":6},"end":{"line":24,"column":13}},"13":{"start":{"line":26,"column":6},"end":{"line":26,"column":64}},"14":{"start":{"line":27,"column":6},"end":{"line":27,"column":51}},"15":{"start":{"line":32,"column":9},"end":{"line":32,"column":20}},"16":{"start":{"line":8,"column":9},"end":{"line":12,"column":4}},"17":{"start":{"line":9,"column":4},"end":{"line":11,"column":7}}},"fnMap":{"0":{"name":"(anonymous_1)","decl":{"start":{"line":14,"column":2},"end":{"line":14,"column":8}},"loc":{"start":{"line":14,"column":56},"end":{"line":29,"column":3}}},"1":{"name":"(anonymous_2)","decl":{"start":{"line":8,"column":31},"end":{"line":8,"column":32}},"loc":{"start":{"line":8,"column":45},"end":{"line":12,"column":3}}}},"branchMap":{"0":{"loc":{"start":{"line":18,"column":20},"end":{"line":18,"column":58}},"type":"binary-expr","locations":[{"start":{"line":18,"column":20},"end":{"line":18,"column":30}},{"start":{"line":18,"column":34},"end":{"line":18,"column":58}}]},"1":{"loc":{"start":{"line":19,"column":6},"end":{"line":21,"column":null}},"type":"if","locations":[{"start":{"line":19,"column":6},"end":{"line":21,"column":null}}]}},"s":{"0":1,"1":1,"2":1,"3":1,"4":0,"5":0,"6":0,"7":0,"8":0,"9":0,"10":0,"11":0,"12":0,"13":0,"14":0,"15":1,"16":1,"17":1},"f":{"0":0,"1":1},"b":{"0":[0,0],"1":[0]}}
,"E:\\projects\\nodejs\\epam-node-course\\task-3\\services\\group.ts": {"path":"E:\\projects\\nodejs\\epam-node-course\\task-3\\services\\group.ts","statementMap":{"0":{"start":{"line":1,"column":0},"end":{"line":1,"column":40}},"1":{"start":{"line":2,"column":0},"end":{"line":2,"column":48}},"2":{"start":{"line":5,"column":0},"end":{"line":5,"column":39}},"3":{"start":{"line":7,"column":15},"end":{"line":7,"column":49}},"4":{"start":{"line":10,"column":4},"end":{"line":10,"column":52}},"5":{"start":{"line":11,"column":18},"end":{"line":15,"column":6}},"6":{"start":{"line":16,"column":4},"end":{"line":16,"column":17}},"7":{"start":{"line":20,"column":4},"end":{"line":20,"column":55}},"8":{"start":{"line":21,"column":19},"end":{"line":21,"column":40}},"9":{"start":{"line":22,"column":4},"end":{"line":22,"column":18}},"10":{"start":{"line":26,"column":4},"end":{"line":26,"column":54}},"11":{"start":{"line":27,"column":18},"end":{"line":27,"column":58}},"12":{"start":{"line":28,"column":4},"end":{"line":32,"column":7}},"13":{"start":{"line":36,"column":4},"end":{"line":36,"column":54}},"14":{"start":{"line":37,"column":18},"end":{"line":40,"column":6}},"15":{"start":{"line":41,"column":4},"end":{"line":41,"column":30}},"16":{"start":{"line":45,"column":4},"end":{"line":45,"column":54}},"17":{"start":{"line":46,"column":4},"end":{"line":50,"column":7}},"18":{"start":{"line":57,"column":4},"end":{"line":57,"column":58}},"19":{"start":{"line":58,"column":22},"end":{"line":61,"column":6}},"20":{"start":{"line":62,"column":4},"end":{"line":62,"column":38}},"21":{"start":{"line":66,"column":9},"end":{"line":66,"column":21}}},"fnMap":{"0":{"name":"(anonymous_1)","decl":{"start":{"line":9,"column":2},"end":{"line":9,"column":8}},"loc":{"start":{"line":9,"column":35},"end":{"line":17,"column":3}}},"1":{"name":"(anonymous_2)","decl":{"start":{"line":19,"column":2},"end":{"line":19,"column":8}},"loc":{"start":{"line":19,"column":27},"end":{"line":23,"column":3}}},"2":{"name":"(anonymous_3)","decl":{"start":{"line":25,"column":2},"end":{"line":25,"column":8}},"loc":{"start":{"line":25,"column":74},"end":{"line":33,"column":3}}},"3":{"name":"(anonymous_4)","decl":{"start":{"line":35,"column":2},"end":{"line":35,"column":8}},"loc":{"start":{"line":35,"column":70},"end":{"line":42,"column":3}}},"4":{"name":"(anonymous_5)","decl":{"start":{"line":44,"column":2},"end":{"line":44,"column":8}},"loc":{"start":{"line":44,"column":37},"end":{"line":51,"column":3}}},"5":{"name":"(anonymous_6)","decl":{"start":{"line":53,"column":2},"end":{"line":53,"column":8}},"loc":{"start":{"line":56,"column":29},"end":{"line":63,"column":3}}}},"branchMap":{},"s":{"0":1,"1":1,"2":1,"3":1,"4":0,"5":0,"6":0,"7":0,"8":0,"9":0,"10":0,"11":0,"12":0,"13":0,"14":0,"15":0,"16":0,"17":0,"18":0,"19":0,"20":0,"21":1},"f":{"0":0,"1":0,"2":0,"3":0,"4":0,"5":0},"b":{}}
,"E:\\projects\\nodejs\\epam-node-course\\task-3\\services\\logging.ts": {"path":"E:\\projects\\nodejs\\epam-node-course\\task-3\\services\\logging.ts","statementMap":{"0":{"start":{"line":8,"column":2},"end":{"line":15,"column":4}},"1":{"start":{"line":9,"column":4},"end":{"line":13,"column":6}},"2":{"start":{"line":14,"column":4},"end":{"line":14,"column":11}},"3":{"start":{"line":17,"column":2},"end":{"line":21,"column":4}},"4":{"start":{"line":18,"column":4},"end":{"line":20,"column":6}},"5":{"start":{"line":23,"column":2},"end":{"line":25,"column":4}},"6":{"start":{"line":24,"column":4},"end":{"line":24,"column":57}},"7":{"start":{"line":5,"column":4},"end":{"line":5,"column":23}},"8":{"start":{"line":28,"column":0},"end":{"line":28,"column":30}}},"fnMap":{"0":{"name":"(anonymous_0)","decl":{"start":{"line":4,"column":2},"end":{"line":4,"column":14}},"loc":{"start":{"line":4,"column":27},"end":{"line":6,"column":3}}},"1":{"name":"(anonymous_1)","decl":{"start":{"line":8,"column":16},"end":{"line":8,"column":17}},"loc":{"start":{"line":8,"column":50},"end":{"line":15,"column":3}}},"2":{"name":"(anonymous_2)","decl":{"start":{"line":17,"column":18},"end":{"line":17,"column":19}},"loc":{"start":{"line":17,"column":53},"end":{"line":21,"column":3}}},"3":{"name":"(anonymous_3)","decl":{"start":{"line":23,"column":29},"end":{"line":23,"column":30}},"loc":{"start":{"line":23,"column":63},"end":{"line":25,"column":3}}}},"branchMap":{},"s":{"0":6,"1":0,"2":0,"3":6,"4":0,"5":6,"6":0,"7":6,"8":1},"f":{"0":6,"1":0,"2":0,"3":0},"b":{}}
,"E:\\projects\\nodejs\\epam-node-course\\task-3\\services\\user.ts": {"path":"E:\\projects\\nodejs\\epam-node-course\\task-3\\services\\user.ts","statementMap":{"0":{"start":{"line":1,"column":0},"end":{"line":1,"column":31}},"1":{"start":{"line":3,"column":0},"end":{"line":3,"column":38}},"2":{"start":{"line":9,"column":0},"end":{"line":9,"column":39}},"3":{"start":{"line":11,"column":15},"end":{"line":11,"column":48}},"4":{"start":{"line":15,"column":4},"end":{"line":15,"column":51}},"5":{"start":{"line":16,"column":17},"end":{"line":20,"column":6}},"6":{"start":{"line":21,"column":4},"end":{"line":21,"column":16}},"7":{"start":{"line":25,"column":4},"end":{"line":25,"column":53}},"8":{"start":{"line":26,"column":17},"end":{"line":26,"column":63}},"9":{"start":{"line":27,"column":4},"end":{"line":31,"column":7}},"10":{"start":{"line":35,"column":4},"end":{"line":35,"column":53}},"11":{"start":{"line":36,"column":17},"end":{"line":40,"column":6}},"12":{"start":{"line":41,"column":4},"end":{"line":41,"column":28}},"13":{"start":{"line":45,"column":4},"end":{"line":45,"column":53}},"14":{"start":{"line":46,"column":4},"end":{"line":50,"column":7}},"15":{"start":{"line":54,"column":4},"end":{"line":54,"column":60}},"16":{"start":{"line":55,"column":18},"end":{"line":62,"column":6}},"17":{"start":{"line":63,"column":4},"end":{"line":63,"column":17}},"18":{"start":{"line":67,"column":9},"end":{"line":67,"column":20}}},"fnMap":{"0":{"name":"(anonymous_1)","decl":{"start":{"line":14,"column":2},"end":{"line":14,"column":8}},"loc":{"start":{"line":14,"column":34},"end":{"line":22,"column":3}}},"1":{"name":"(anonymous_2)","decl":{"start":{"line":24,"column":2},"end":{"line":24,"column":8}},"loc":{"start":{"line":24,"column":75},"end":{"line":32,"column":3}}},"2":{"name":"(anonymous_3)","decl":{"start":{"line":34,"column":2},"end":{"line":34,"column":8}},"loc":{"start":{"line":34,"column":71},"end":{"line":42,"column":3}}},"3":{"name":"(anonymous_4)","decl":{"start":{"line":44,"column":2},"end":{"line":44,"column":8}},"loc":{"start":{"line":44,"column":36},"end":{"line":51,"column":3}}},"4":{"name":"(anonymous_5)","decl":{"start":{"line":53,"column":2},"end":{"line":53,"column":8}},"loc":{"start":{"line":53,"column":74},"end":{"line":64,"column":3}}}},"branchMap":{},"s":{"0":1,"1":1,"2":1,"3":1,"4":0,"5":0,"6":0,"7":0,"8":0,"9":0,"10":0,"11":0,"12":0,"13":0,"14":0,"15":0,"16":0,"17":0,"18":1},"f":{"0":0,"1":0,"2":0,"3":0,"4":0},"b":{}}
,"E:\\projects\\nodejs\\epam-node-course\\task-3\\validation\\group.ts": {"path":"E:\\projects\\nodejs\\epam-node-course\\task-3\\validation\\group.ts","statementMap":{"0":{"start":{"line":1,"column":0},"end":{"line":1,"column":27}},"1":{"start":{"line":2,"column":0},"end":{"line":2,"column":null}},"2":{"start":{"line":10,"column":18},"end":{"line":10,"column":35}},"3":{"start":{"line":42,"column":13},"end":{"line":42,"column":22}},"4":{"start":{"line":11,"column":11},"end":{"line":13,"column":53}},"5":{"start":{"line":42,"column":9},"end":{"line":42,"column":11}},"6":{"start":{"line":14,"column":13},"end":{"line":14,"column":36}},"7":{"start":{"line":15,"column":20},"end":{"line":21,"column":4}},"8":{"start":{"line":23,"column":18},"end":{"line":27,"column":2}},"9":{"start":{"line":42,"column":36},"end":{"line":42,"column":45}},"10":{"start":{"line":29,"column":19},"end":{"line":32,"column":2}},"11":{"start":{"line":42,"column":24},"end":{"line":42,"column":34}}},"fnMap":{},"branchMap":{},"s":{"0":1,"1":1,"2":1,"3":1,"4":1,"5":1,"6":1,"7":1,"8":1,"9":1,"10":1,"11":1},"f":{},"b":{}}
,"E:\\projects\\nodejs\\epam-node-course\\task-3\\validation\\user.ts": {"path":"E:\\projects\\nodejs\\epam-node-course\\task-3\\validation\\user.ts","statementMap":{"0":{"start":{"line":1,"column":0},"end":{"line":1,"column":27}},"1":{"start":{"line":2,"column":0},"end":{"line":2,"column":null}},"2":{"start":{"line":10,"column":18},"end":{"line":10,"column":35}},"3":{"start":{"line":50,"column":13},"end":{"line":50,"column":22}},"4":{"start":{"line":11,"column":11},"end":{"line":13,"column":53}},"5":{"start":{"line":50,"column":9},"end":{"line":50,"column":11}},"6":{"start":{"line":14,"column":14},"end":{"line":14,"column":37}},"7":{"start":{"line":15,"column":17},"end":{"line":21,"column":4}},"8":{"start":{"line":22,"column":12},"end":{"line":26,"column":2}},"9":{"start":{"line":28,"column":18},"end":{"line":33,"column":2}},"10":{"start":{"line":50,"column":36},"end":{"line":50,"column":45}},"11":{"start":{"line":35,"column":19},"end":{"line":39,"column":2}},"12":{"start":{"line":50,"column":24},"end":{"line":50,"column":34}}},"fnMap":{},"branchMap":{},"s":{"0":1,"1":1,"2":1,"3":1,"4":1,"5":1,"6":1,"7":1,"8":1,"9":1,"10":1,"11":1,"12":1},"f":{},"b":{}}
,"E:\\projects\\nodejs\\epam-node-course\\task-3\\validation\\userGroup.ts": {"path":"E:\\projects\\nodejs\\epam-node-course\\task-3\\validation\\userGroup.ts","statementMap":{"0":{"start":{"line":1,"column":0},"end":{"line":1,"column":27}},"1":{"start":{"line":2,"column":0},"end":{"line":2,"column":null}},"2":{"start":{"line":7,"column":0},"end":{"line":7,"column":41}},"3":{"start":{"line":8,"column":0},"end":{"line":8,"column":39}},"4":{"start":{"line":10,"column":18},"end":{"line":10,"column":35}},"5":{"start":{"line":17,"column":9},"end":{"line":17,"column":18}},"6":{"start":{"line":12,"column":28},"end":{"line":15,"column":2}},"7":{"start":{"line":17,"column":20},"end":{"line":17,"column":39}}},"fnMap":{},"branchMap":{},"s":{"0":1,"1":1,"2":1,"3":1,"4":1,"5":1,"6":1,"7":1},"f":{},"b":{}}
}
