TN:
SF:task-3\app.ts
FNF:0
FNH:0
DA:1,1
DA:3,1
DA:4,1
DA:5,1
DA:7,1
DA:8,1
DA:10,1
DA:12,1
DA:14,1
DA:15,1
DA:16,1
DA:23,1
DA:24,1
DA:25,1
DA:27,1
LF:15
LH:15
BRF:0
BRH:0
end_of_record
TN:
SF:task-3\data-access\database.ts
FN:13,(anonymous_0)
FNF:1
FNH:0
FNDA:0,(anonymous_0)
DA:1,1
DA:3,1
DA:13,1
DA:14,0
DA:15,0
DA:16,0
DA:18,0
DA:22,1
LF:8
LH:4
BRF:0
BRH:0
end_of_record
TN:
SF:task-3\models\Group.ts
FNF:0
FNH:0
DA:1,1
DA:3,1
DA:5,1
DA:25,1
LF:4
LH:4
BRF:0
BRH:0
end_of_record
TN:
SF:task-3\models\User.ts
FNF:0
FNH:0
DA:1,1
DA:3,1
DA:5,1
DA:31,1
LF:4
LH:4
BRF:0
BRH:0
end_of_record
TN:
SF:task-3\models\UserGroup.ts
FNF:0
FNH:0
DA:1,1
DA:3,1
DA:5,1
DA:25,1
LF:4
LH:4
BRF:0
BRH:0
end_of_record
TN:
SF:task-3\routers\authentication.ts
FN:7,(anonymous_1)
FNF:1
FNH:1
FNDA:1,(anonymous_1)
DA:1,1
DA:2,1
DA:3,1
DA:5,1
DA:7,1
DA:8,1
DA:9,1
DA:10,1
DA:14,1
DA:16,0
DA:20,1
LF:11
LH:10
BRF:0
BRH:0
end_of_record
TN:
SF:task-3\routers\group.ts
FN:19,(anonymous_1)
FN:28,(anonymous_2)
FN:41,(anonymous_3)
FN:56,(anonymous_4)
FN:72,(anonymous_5)
FN:83,(anonymous_6)
FNF:6
FNH:0
FNDA:0,(anonymous_1)
FNDA:0,(anonymous_2)
FNDA:0,(anonymous_3)
FNDA:0,(anonymous_4)
FNDA:0,(anonymous_5)
FNDA:0,(anonymous_6)
DA:1,1
DA:3,1
DA:5,1
DA:6,1
DA:12,1
DA:13,1
DA:15,1
DA:17,1
DA:19,1
DA:20,0
DA:21,0
DA:22,0
DA:24,0
DA:28,1
DA:29,0
DA:30,0
DA:31,0
DA:33,0
DA:37,1
DA:42,0
DA:43,0
DA:44,0
DA:45,0
DA:47,0
DA:52,1
DA:57,0
DA:58,0
DA:59,0
DA:60,0
DA:62,0
DA:63,0
DA:68,1
DA:73,0
DA:74,0
DA:75,0
DA:76,0
DA:78,0
DA:83,1
DA:84,0
DA:85,0
DA:86,0
DA:87,0
DA:89,0
DA:93,1
LF:44
LH:15
BRF:0
BRH:0
end_of_record
TN:
SF:task-3\routers\user.ts
FN:22,(anonymous_1)
FN:33,(anonymous_2)
FN:46,(anonymous_3)
FN:61,(anonymous_4)
FN:72,(anonymous_5)
FNF:5
FNH:0
FNDA:0,(anonymous_1)
FNDA:0,(anonymous_2)
FNDA:0,(anonymous_3)
FNDA:0,(anonymous_4)
FNDA:0,(anonymous_5)
DA:1,1
DA:3,1
DA:5,1
DA:7,1
DA:13,1
DA:15,1
DA:17,1
DA:19,1
DA:23,0
DA:24,0
DA:25,0
DA:26,0
DA:28,0
DA:33,1
DA:34,0
DA:35,0
DA:36,0
DA:38,0
DA:42,1
DA:47,0
DA:48,0
DA:49,0
DA:50,0
DA:52,0
DA:57,1
DA:62,0
DA:63,0
DA:64,0
DA:65,0
DA:67,0
DA:72,1
DA:73,0
DA:74,0
DA:75,0
DA:76,0
DA:78,0
DA:82,1
LF:37
LH:13
BRF:0
BRH:0
end_of_record
TN:
SF:task-3\services\authentication.ts
FN:14,(anonymous_1)
FN:8,(anonymous_2)
FNF:2
FNH:1
FNDA:0,(anonymous_1)
FNDA:1,(anonymous_2)
DA:1,1
DA:2,1
DA:3,1
DA:5,1
DA:8,1
DA:9,1
DA:15,0
DA:16,0
DA:17,0
DA:18,0
DA:19,0
DA:20,0
DA:22,0
DA:23,0
DA:24,0
DA:26,0
DA:27,0
DA:32,1
LF:18
LH:7
BRDA:18,0,0,0
BRDA:18,0,1,0
BRDA:19,1,0,0
BRF:3
BRH:0
end_of_record
TN:
SF:task-3\services\group.ts
FN:9,(anonymous_1)
FN:19,(anonymous_2)
FN:25,(anonymous_3)
FN:35,(anonymous_4)
FN:44,(anonymous_5)
FN:53,(anonymous_6)
FNF:6
FNH:0
FNDA:0,(anonymous_1)
FNDA:0,(anonymous_2)
FNDA:0,(anonymous_3)
FNDA:0,(anonymous_4)
FNDA:0,(anonymous_5)
FNDA:0,(anonymous_6)
DA:1,1
DA:2,1
DA:5,1
DA:7,1
DA:10,0
DA:11,0
DA:16,0
DA:20,0
DA:21,0
DA:22,0
DA:26,0
DA:27,0
DA:28,0
DA:36,0
DA:37,0
DA:41,0
DA:45,0
DA:46,0
DA:57,0
DA:58,0
DA:62,0
DA:66,1
LF:22
LH:5
BRF:0
BRH:0
end_of_record
TN:
SF:task-3\services\logging.ts
FN:4,(anonymous_0)
FN:8,(anonymous_1)
FN:17,(anonymous_2)
FN:23,(anonymous_3)
FNF:4
FNH:1
FNDA:6,(anonymous_0)
FNDA:0,(anonymous_1)
FNDA:0,(anonymous_2)
FNDA:0,(anonymous_3)
DA:5,6
DA:8,6
DA:9,0
DA:14,0
DA:17,6
DA:18,0
DA:23,6
DA:24,0
DA:28,1
LF:9
LH:5
BRF:0
BRH:0
end_of_record
TN:
SF:task-3\services\user.ts
FN:14,(anonymous_1)
FN:24,(anonymous_2)
FN:34,(anonymous_3)
FN:44,(anonymous_4)
FN:53,(anonymous_5)
FNF:5
FNH:0
FNDA:0,(anonymous_1)
FNDA:0,(anonymous_2)
FNDA:0,(anonymous_3)
FNDA:0,(anonymous_4)
FNDA:0,(anonymous_5)
DA:1,1
DA:3,1
DA:9,1
DA:11,1
DA:15,0
DA:16,0
DA:21,0
DA:25,0
DA:26,0
DA:27,0
DA:35,0
DA:36,0
DA:41,0
DA:45,0
DA:46,0
DA:54,0
DA:55,0
DA:63,0
DA:67,1
LF:19
LH:5
BRF:0
BRH:0
end_of_record
TN:
SF:task-3\validation\group.ts
FNF:0
FNH:0
DA:1,1
DA:2,1
DA:10,1
DA:11,1
DA:14,1
DA:15,1
DA:23,1
DA:29,1
DA:42,1
LF:9
LH:9
BRF:0
BRH:0
end_of_record
TN:
SF:task-3\validation\user.ts
FNF:0
FNH:0
DA:1,1
DA:2,1
DA:10,1
DA:11,1
DA:14,1
DA:15,1
DA:22,1
DA:28,1
DA:35,1
DA:50,1
LF:10
LH:10
BRF:0
BRH:0
end_of_record
TN:
SF:task-3\validation\userGroup.ts
FNF:0
FNH:0
DA:1,1
DA:2,1
DA:7,1
DA:8,1
DA:10,1
DA:12,1
DA:17,1
LF:7
LH:7
BRF:0
BRH:0
end_of_record
